Flow report for Components
Fri Dec 25 00:00:38 2020
Quartus II 64-Bit Version 13.0.1 Build 232 06/12/2013 Service Pack 1 SJ Web Edition


---------------------
; Table of Contents ;
---------------------
  1. Legal Notice
  2. Flow Summary
  3. Flow Settings
  4. Flow Non-Default Global Settings
  5. Flow Elapsed Time
  6. Flow OS Summary
  7. Flow Log
  8. Flow Messages
  9. Flow Suppressed Messages



----------------
; Legal Notice ;
----------------
Copyright (C) 1991-2013 Altera Corporation
Your use of Altera Corporation's design tools, logic functions 
and other software and tools, and its AMPP partner logic 
functions, and any output files from any of the foregoing 
(including device programming or simulation files), and any 
associated documentation or information are expressly subject 
to the terms and conditions of the Altera Program License 
Subscription Agreement, Altera MegaCore Function License 
Agreement, or other applicable license agreement, including, 
without limitation, that your use is for the sole purpose of 
programming logic devices manufactured by Altera and sold by 
Altera or its authorized distributors.  Please refer to the 
applicable agreement for further details.



+--------------------------------------------------------------------------------------+
; Flow Summary                                                                         ;
+------------------------------------+-------------------------------------------------+
; Flow Status                        ; Successful - Fri Dec 25 00:00:38 2020           ;
; Quartus II 64-Bit Version          ; 13.0.1 Build 232 06/12/2013 SP 1 SJ Web Edition ;
; Revision Name                      ; Components                                      ;
; Top-level Entity Name              ; problem_set1_schematic                          ;
; Family                             ; Cyclone II                                      ;
; Device                             ; EP2C35F672C6                                    ;
; Timing Models                      ; Final                                           ;
; Total logic elements               ; 124 / 33,216 ( < 1 % )                          ;
;     Total combinational functions  ; 122 / 33,216 ( < 1 % )                          ;
;     Dedicated logic registers      ; 34 / 33,216 ( < 1 % )                           ;
; Total registers                    ; 34                                              ;
; Total pins                         ; 50 / 475 ( 11 % )                               ;
; Total virtual pins                 ; 0                                               ;
; Total memory bits                  ; 0 / 483,840 ( 0 % )                             ;
; Embedded Multiplier 9-bit elements ; 0 / 70 ( 0 % )                                  ;
; Total PLLs                         ; 0 / 4 ( 0 % )                                   ;
+------------------------------------+-------------------------------------------------+


+-----------------------------------------+
; Flow Settings                           ;
+-------------------+---------------------+
; Option            ; Setting             ;
+-------------------+---------------------+
; Start date & time ; 12/05/2020 16:34:16 ;
; Main task         ; Compilation         ;
; Revision Name     ; Components          ;
+-------------------+---------------------+


+--------------------------------------------------------------------------------------------------------------------------------+
; Flow Non-Default Global Settings                                                                                               ;
+-------------------------------------+--------------------------------+---------------+------------------------+----------------+
; Assignment Name                     ; Value                          ; Default Value ; Entity Name            ; Section Id     ;
+-------------------------------------+--------------------------------+---------------+------------------------+----------------+
; COMPILER_SIGNATURE_ID               ; 74780423761489.160720405610472 ; --            ; --                     ; --             ;
; EDA_GENERATE_FUNCTIONAL_NETLIST     ; On                             ; --            ; --                     ; eda_simulation ;
; EDA_OUTPUT_DATA_FORMAT              ; Verilog Hdl                    ; --            ; --                     ; eda_simulation ;
; EDA_SIMULATION_TOOL                 ; ModelSim-Altera (Verilog)      ; <None>        ; --                     ; --             ;
; MAX_CORE_JUNCTION_TEMP              ; 85                             ; --            ; --                     ; --             ;
; MIN_CORE_JUNCTION_TEMP              ; 0                              ; --            ; --                     ; --             ;
; PARTITION_COLOR                     ; 16764057                       ; --            ; problem_set1_schematic ; Top            ;
; PARTITION_FITTER_PRESERVATION_LEVEL ; PLACEMENT_AND_ROUTING          ; --            ; problem_set1_schematic ; Top            ;
; PARTITION_NETLIST_TYPE              ; SOURCE                         ; --            ; problem_set1_schematic ; Top            ;
; PROJECT_OUTPUT_DIRECTORY            ; output_files                   ; --            ; --                     ; --             ;
; TOP_LEVEL_ENTITY                    ; problem_set1_schematic         ; Components    ; --                     ; --             ;
+-------------------------------------+--------------------------------+---------------+------------------------+----------------+


+-------------------------------------------------------------------------------------------------------------------------------+
; Flow Elapsed Time                                                                                                             ;
+---------------------------+--------------+-------------------------+---------------------+------------------------------------+
; Module Name               ; Elapsed Time ; Average Processors Used ; Peak Virtual Memory ; Total CPU Time (on all processors) ;
+---------------------------+--------------+-------------------------+---------------------+------------------------------------+
; Analysis & Synthesis      ; 00:00:02     ; 1.0                     ; 4642 MB             ; 00:00:03                           ;
; Fitter                    ; 00:00:07     ; 1.0                     ; 4879 MB             ; 00:00:07                           ;
; Assembler                 ; 00:00:03     ; 1.0                     ; 4568 MB             ; 00:00:02                           ;
; TimeQuest Timing Analyzer ; 00:00:01     ; 1.0                     ; 4559 MB             ; 00:00:01                           ;
; EDA Netlist Writer        ; 00:00:00     ; 1.0                     ; 4515 MB             ; 00:00:01                           ;
; EDA Netlist Writer        ; 00:00:02     ; 1.0                     ; 4523 MB             ; 00:00:01                           ;
; EDA Netlist Writer        ; 00:00:01     ; 1.0                     ; 4523 MB             ; 00:00:01                           ;
; EDA Netlist Writer        ; 00:00:01     ; 1.0                     ; 4523 MB             ; 00:00:01                           ;
; EDA Netlist Writer        ; 00:00:01     ; 1.0                     ; 4523 MB             ; 00:00:01                           ;
; EDA Netlist Writer        ; 00:00:01     ; 1.0                     ; 4523 MB             ; 00:00:01                           ;
; EDA Netlist Writer        ; 00:00:00     ; 1.0                     ; 4523 MB             ; 00:00:01                           ;
; EDA Netlist Writer        ; 00:00:01     ; 1.0                     ; 4523 MB             ; 00:00:01                           ;
; EDA Netlist Writer        ; 00:00:01     ; 1.0                     ; 4523 MB             ; 00:00:01                           ;
; EDA Netlist Writer        ; 00:00:01     ; 1.0                     ; 4523 MB             ; 00:00:01                           ;
; Total                     ; 00:00:22     ; --                      ; --                  ; 00:00:23                           ;
+---------------------------+--------------+-------------------------+---------------------+------------------------------------+


+----------------------------------------------------------------------------------------+
; Flow OS Summary                                                                        ;
+---------------------------+------------------+-----------+------------+----------------+
; Module Name               ; Machine Hostname ; OS Name   ; OS Version ; Processor type ;
+---------------------------+------------------+-----------+------------+----------------+
; Analysis & Synthesis      ; DESKTOP-FK9JBMR  ; Windows 7 ; 6.2        ; x86_64         ;
; Fitter                    ; DESKTOP-FK9JBMR  ; Windows 7 ; 6.2        ; x86_64         ;
; Assembler                 ; DESKTOP-FK9JBMR  ; Windows 7 ; 6.2        ; x86_64         ;
; TimeQuest Timing Analyzer ; DESKTOP-FK9JBMR  ; Windows 7 ; 6.2        ; x86_64         ;
; EDA Netlist Writer        ; DESKTOP-FK9JBMR  ; Windows 7 ; 6.2        ; x86_64         ;
; EDA Netlist Writer        ; DESKTOP-FK9JBMR  ; Windows 7 ; 6.2        ; x86_64         ;
; EDA Netlist Writer        ; DESKTOP-FK9JBMR  ; Windows 7 ; 6.2        ; x86_64         ;
; EDA Netlist Writer        ; DESKTOP-FK9JBMR  ; Windows 7 ; 6.2        ; x86_64         ;
; EDA Netlist Writer        ; DESKTOP-FK9JBMR  ; Windows 7 ; 6.2        ; x86_64         ;
; EDA Netlist Writer        ; DESKTOP-FK9JBMR  ; Windows 7 ; 6.2        ; x86_64         ;
; EDA Netlist Writer        ; DESKTOP-FK9JBMR  ; Windows 7 ; 6.2        ; x86_64         ;
; EDA Netlist Writer        ; DESKTOP-FK9JBMR  ; Windows 7 ; 6.2        ; x86_64         ;
; EDA Netlist Writer        ; DESKTOP-FK9JBMR  ; Windows 7 ; 6.2        ; x86_64         ;
; EDA Netlist Writer        ; DESKTOP-FK9JBMR  ; Windows 7 ; 6.2        ; x86_64         ;
+---------------------------+------------------+-----------+------------+----------------+


------------
; Flow Log ;
------------
quartus_map --read_settings_files=on --write_settings_files=off Components -c Components
quartus_fit --read_settings_files=off --write_settings_files=off Components -c Components
quartus_asm --read_settings_files=off --write_settings_files=off Components -c Components
quartus_sta Components -c Components
quartus_eda --read_settings_files=off --write_settings_files=off Components -c Components
quartus_eda --gen_testbench --check_outputs=on --tool=modelsim_oem --format=verilog Components -c Components --vector_source="C:/Users/maish/Documents/1. 2ND YEAR/COE 328 (Digital Systems)/Labs/Lab 6/Lab 6/problem_set1_waveform.vwf" --testbench_file=./simulation/qsim/Components.vt
quartus_eda --functional=on --simulation=on --tool=modelsim_oem --format=verilog Components -c Components
quartus_eda --functional=on --simulation=on --tool=modelsim_oem --format=verilog Components -c Components
quartus_eda --gen_testbench --check_outputs=on --tool=modelsim_oem --format=verilog Components -c Components --vector_source="C:/Users/maish/Documents/1. 2ND YEAR/COE 328 (Digital Systems)/Labs/Lab 6/Lab 6/problem_set1_waveform.vwf" --testbench_file=./simulation/qsim/Components.vt
quartus_eda --functional=on --simulation=on --tool=modelsim_oem --format=verilog Components -c Components
quartus_eda --gen_testbench --check_outputs=on --tool=modelsim_oem --format=verilog Components -c Components --vector_source="C:/Users/maish/Documents/1. 2ND YEAR/COE 328 (Digital Systems)/Labs/Lab 6/Lab 6/problem_set1_waveform.vwf" --testbench_file=./simulation/qsim/Components.vt
quartus_eda --functional=on --simulation=on --tool=modelsim_oem --format=verilog Components -c Components
quartus_eda --gen_testbench --check_outputs=on --tool=modelsim_oem --format=verilog Components -c Components --vector_source="C:/Users/maish/Documents/Uni Archived/2nd Year (first term)/COE 328 (Digital Systems)/Labs/Lab 6/Lab 6/waveform1.vwf" --testbench_file=./simulation/qsim/Components.vt
quartus_eda --functional=on --simulation=on --tool=modelsim_oem --format=verilog Components -c Components



